<?xml version="1.0" encoding="UTF-8"?>
<!-- Generated by org.testng.reporters.JUnitReportReporter -->
<testsuite skipped="0" hostname="dell-PC" name="com.ValidatTitle" tests="1" failures="0" timestamp="06 Oct 2018 17:46:08 GMT" time="0.114" errors="0">
  <testcase name="basePageNavigation" time="0.114" classname="com.ValidatTitle"/>
</testsuite> <!-- com.ValidatTitle -->
