<?xml version="1.0" encoding="UTF-8"?>
<!-- Generated by org.testng.reporters.JUnitReportReporter -->
<testsuite hostname="dell-PC" name="com.ValidatNavigationBar" tests="1" failures="0" timestamp="4 Oct 2018 19:46:02 GMT" time="13.187" errors="0">
  <testcase name="basePageNavigation" time="13.187" classname="com.ValidatNavigationBar"/>
</testsuite> <!-- com.ValidatNavigationBar -->
