<?xml version="1.0" encoding="UTF-8"?>
<!-- Generated by org.testng.reporters.JUnitReportReporter -->
<testsuite hostname="dell-PC" name="com.ValidatTitle" tests="1" failures="0" timestamp="4 Oct 2018 19:46:02 GMT" time="12.432" errors="0">
  <testcase name="basePageNavigation" time="12.432" classname="com.ValidatTitle"/>
</testsuite> <!-- com.ValidatTitle -->
