<?xml version="1.0" encoding="UTF-8"?>
<!-- Generated by org.testng.reporters.JUnitReportReporter -->
<testsuite hostname="dell-PC" name="com.HomePage" tests="2" failures="0" timestamp="4 Oct 2018 19:46:02 GMT" time="43.594" errors="0">
  <testcase name="basePageNavigation" time="25.012" classname="com.HomePage"/>
  <testcase name="basePageNavigation" time="18.582" classname="com.HomePage"/>
</testsuite> <!-- com.HomePage -->
